<?xml version="1.0" encoding="UTF-8"?>
<!-- Generated by org.testng.reporters.JUnitReportReporter -->
<testsuite hostname="DESKTOP-GU6SA76" failures="0" tests="1" name="testcase.TC_005_SJ_FieldsAvailable" time="20.635" errors="0" timestamp="2023-12-11T18:14:48 IST" skipped="0">
  <testcase classname="testcase.TC_005_SJ_FieldsAvailable" name="TC_005_SJ_FieldsAvailable" time="20.635"/>
</testsuite> <!-- testcase.TC_005_SJ_FieldsAvailable -->
