<?xml version="1.0" encoding="UTF-8"?>
<!-- Generated by org.testng.reporters.JUnitReportReporter -->
<testsuite hostname="DESKTOP-GU6SA76" failures="0" tests="2" name="testcase.TC_002_SJ_Login" time="43.518" errors="0" timestamp="2023-12-11T18:14:48 IST" skipped="0">
  <testcase classname="testcase.TC_002_SJ_Login" name="TC_002_SJ_Login" time="17.577"/>
  <testcase classname="testcase.TC_002_SJ_Login" name="TC_002_SJ_Login" time="25.941"/>
</testsuite> <!-- testcase.TC_002_SJ_Login -->
